data count : 0
item_bt.json파일생성완료
item_top.json파일생성완료
item_hat.json파일생성완료
저장건수: 15
data count : 0
item_bt.json파일생성완료
doUpdate_bt()
flag: 1
flag: 1
─────────────────────────────
[하의]를 수정에 성공 했습니다.
─────────────────────────────
data count : 0
item_bt.json파일생성완료
doDelete()
data count : 0
flag : 1
-----------
단건 삭제 성공!
-----------
data count : 0
item_bt.json파일생성완료
doDelete()
data count : 0
flag : 1
-----------
단건 삭제 성공!
-----------
data count : 0
item_bt.json파일생성완료
data count : 0
item_bt.json파일생성완료
doUpdate_bt()
flag: 1
flag: 1
─────────────────────────────
[하의]를 수정에 성공 했습니다.
─────────────────────────────
data count : 0
item_bt.json파일생성완료
item_top.json파일생성완료
item_hat.json파일생성완료
item_sh.json파일생성완료
저장건수: 20
data count : 0
item_bt.json파일생성완료
item_top.json파일생성완료
item_hat.json파일생성완료
item_sh.json파일생성완료
저장건수: 20
data count : 0
item_bt.json파일생성완료
item_top.json파일생성완료
item_hat.json파일생성완료
item_sh.json파일생성완료
저장건수: 20
data count : 0
item_bt.json파일생성완료
item_top.json파일생성완료
item_hat.json파일생성완료
item_sh.json파일생성완료
저장건수: 20
data count : 0
item_bt.json파일생성완료
item_top.json파일생성완료
item_out.json아우터 파일생성완료
item_hat.json파일생성완료
item_sh.json파일생성완료
저장건수: 25
