data count : 0
item_bt.jsonÆÄÀÏ»ı¼º¿Ï·á
ÀúÀå°Ç¼ö: 5
data count : 0
item_bt.jsoníŒŒì¼ìƒì„±ì™„ë£Œ
ì €ì¥ê±´ìˆ˜: 5
data count : 0
item_bt.jsoníŒŒì¼ìƒì„±ì™„ë£Œ
ì €ì¥ê±´ìˆ˜: 5
data count : 0
item_bt.jsoníŒŒì¼ìƒì„±ì™„ë£Œ
ì €ì¥ê±´ìˆ˜: 5
data count : 0
item_bt.jsoníŒŒì¼ìƒì„±ì™„ë£Œ
ì €ì¥ê±´ìˆ˜: 5
data count : 0
item_bt.jsoníŒŒì¼ìƒì„±ì™„ë£Œ
ì €ì¥ê±´ìˆ˜: 5
data count : 0
item_bt.jsoníŒŒì¼ìƒì„±ì™„ë£Œ
ì €ì¥ê±´ìˆ˜: 5
data count : 0
item_bt.jsoníŒŒì¼ìƒì„±ì™„ë£Œ
ì €ì¥ê±´ìˆ˜: 5
data count : 0
item_bt.jsoníŒŒì¼ìƒì„±ì™„ë£Œ
ì €ì¥ê±´ìˆ˜: 5
data count : 0
item_bt.jsoníŒŒì¼ìƒì„±ì™„ë£Œ
ì €ì¥ê±´ìˆ˜: 5
data count : 0
item_bt.jsoníŒŒì¼ìƒì„±ì™„ë£Œ
item_top.jsoníŒŒì¼ìƒì„±ì™„ë£Œ
ì €ì¥ê±´ìˆ˜: 5
data count : 0
item_bt.jsoníŒŒì¼ìƒì„±ì™„ë£Œ
item_top.jsoníŒŒì¼ìƒì„±ì™„ë£Œ
ì €ì¥ê±´ìˆ˜: 5
